Compiled jquery.js  (2ms)  (pid 15985)
Compiled jquery_ujs.js  (0ms)  (pid 15985)
Compiled Chart.js  (0ms)  (pid 15985)
Compiled Chart.min.js  (0ms)  (pid 15985)
Compiled GGS.js  (0ms)  (pid 15985)
Compiled bootstrap.min.js  (0ms)  (pid 15985)
Compiled home.js  (182ms)  (pid 15985)
Compiled chart.js  (0ms)  (pid 15985)
Compiled application.js  (246ms)  (pid 15985)
Compiled GGS.css  (0ms)  (pid 15985)
Compiled GGS.css  (56ms)  (pid 15985)
Compiled GGS.css  (91ms)  (pid 15985)
Compiled _bis_home.css  (1ms)  (pid 15985)
Compiled bootstrap-responsive.min.css  (0ms)  (pid 15985)
Compiled bootstrap.min.css  (0ms)  (pid 15985)
Compiled home.css  (0ms)  (pid 15985)
Compiled open-sans-fontfacekit/stylesheet.css  (0ms)  (pid 15985)
Compiled style.css  (0ms)  (pid 15985)
Compiled application.css  (220ms)  (pid 15985)
Compiled jquery.js  (2ms)  (pid 15985)
Compiled jquery_ujs.js  (0ms)  (pid 15985)
Compiled Chart.js  (0ms)  (pid 15985)
Compiled Chart.min.js  (0ms)  (pid 15985)
Compiled GGS.js  (0ms)  (pid 15985)
Compiled bootstrap.min.js  (0ms)  (pid 15985)
Compiled home.js  (73ms)  (pid 15985)
Compiled chart.js  (25ms)  (pid 15985)
Compiled application.js  (165ms)  (pid 15985)
Compiled GGS.css  (0ms)  (pid 15985)
Compiled GGS.css  (24ms)  (pid 15985)
Compiled GGS.css  (98ms)  (pid 15985)
Compiled _bis_home.css  (1ms)  (pid 15985)
Compiled bootstrap-responsive.min.css  (0ms)  (pid 15985)
Compiled bootstrap.min.css  (0ms)  (pid 15985)
Compiled home.css  (0ms)  (pid 15985)
Compiled open-sans-fontfacekit/stylesheet.css  (0ms)  (pid 15985)
Compiled style.css  (0ms)  (pid 15985)
Compiled application.css  (195ms)  (pid 15985)
